[0.134s] DEBUG:colcon:Command line arguments: ['/usr/bin/colcon', 'build', '--cmake-args', '-DCMAKE_BUILD_TYPE=Release']
[0.134s] DEBUG:colcon:Parsed command line arguments: Namespace(ament_cmake_args=None, base_paths='.', build_base='build', catkin_cmake_args=None, catkin_skip_building_tests=False, cmake_args=['-DCMAKE_BUILD_TYPE=Release'], cmake_clean_cache=False, cmake_clean_first=False, cmake_force_configure=False, cmake_target=None, cmake_target_skip_unavailable=False, continue_on_error=False, event_handlers=None, executor='parallel', ignore_user_meta=False, install_base='install', log_base='log', log_level=None, main=<bound method BuildVerb.main of <colcon_core.verb.build.BuildVerb object at 0x7f741e8b14a8>>, merge_install=False, metas='./colcon.meta', packages_above=None, packages_above_depth=None, packages_end=None, packages_ignore=None, packages_ignore_regex=None, packages_select=None, packages_select_build_failed=False, packages_select_by_dep=None, packages_select_regex=None, packages_select_test_failures=False, packages_skip=None, packages_skip_build_finished=False, packages_skip_by_dep=None, packages_skip_regex=None, packages_skip_test_passed=False, packages_skip_up_to=None, packages_start=None, packages_up_to=None, parallel_workers=8, paths=None, symlink_install=False, test_result_base=None, verb_extension=<colcon_core.verb.build.BuildVerb object at 0x7f741e8b14a8>, verb_name='build', verb_parser=<colcon_defaults.argument_parser.defaults.DefaultArgumentsDecorator object at 0x7f741e8b1748>)
[0.168s] Level 1:colcon.colcon_core.package_discovery:discover_packages(colcon_meta) check parameters
[0.169s] Level 1:colcon.colcon_core.package_discovery:discover_packages(recursive) check parameters
[0.169s] Level 1:colcon.colcon_core.package_discovery:discover_packages(ignore) check parameters
[0.169s] Level 1:colcon.colcon_core.package_discovery:discover_packages(path) check parameters
[0.169s] Level 1:colcon.colcon_core.package_discovery:discover_packages(recursive) discover
[0.169s] INFO:colcon.colcon_core.package_discovery:Crawling recursively for packages in '/home/punnu/autoware.ai/src/autoware/common/waypoint_follower/launch'
[0.169s] Level 1:colcon.colcon_core.package_identification:_identify(/home/punnu/autoware.ai/src/autoware/common/waypoint_follower/launch) by extensions ['ignore', 'ignore_ament_install']
[0.169s] Level 1:colcon.colcon_core.package_identification:_identify(/home/punnu/autoware.ai/src/autoware/common/waypoint_follower/launch) by extension 'ignore'
[0.169s] Level 1:colcon.colcon_core.package_identification:_identify(/home/punnu/autoware.ai/src/autoware/common/waypoint_follower/launch) by extension 'ignore_ament_install'
[0.169s] Level 1:colcon.colcon_core.package_identification:_identify(/home/punnu/autoware.ai/src/autoware/common/waypoint_follower/launch) by extensions ['colcon_pkg']
[0.170s] Level 1:colcon.colcon_core.package_identification:_identify(/home/punnu/autoware.ai/src/autoware/common/waypoint_follower/launch) by extension 'colcon_pkg'
[0.170s] Level 1:colcon.colcon_core.package_identification:_identify(/home/punnu/autoware.ai/src/autoware/common/waypoint_follower/launch) by extensions ['colcon_meta']
[0.170s] Level 1:colcon.colcon_core.package_identification:_identify(/home/punnu/autoware.ai/src/autoware/common/waypoint_follower/launch) by extension 'colcon_meta'
[0.170s] Level 1:colcon.colcon_core.package_identification:_identify(/home/punnu/autoware.ai/src/autoware/common/waypoint_follower/launch) by extensions ['ros']
[0.170s] Level 1:colcon.colcon_core.package_identification:_identify(/home/punnu/autoware.ai/src/autoware/common/waypoint_follower/launch) by extension 'ros'
[0.181s] Level 1:colcon.colcon_core.package_identification:_identify(/home/punnu/autoware.ai/src/autoware/common/waypoint_follower/launch) by extensions ['cmake', 'python']
[0.181s] Level 1:colcon.colcon_core.package_identification:_identify(/home/punnu/autoware.ai/src/autoware/common/waypoint_follower/launch) by extension 'cmake'
[0.181s] Level 1:colcon.colcon_core.package_identification:_identify(/home/punnu/autoware.ai/src/autoware/common/waypoint_follower/launch) by extension 'python'
[0.181s] Level 1:colcon.colcon_core.package_identification:_identify(/home/punnu/autoware.ai/src/autoware/common/waypoint_follower/launch) by extensions ['python_setup_py']
[0.182s] Level 1:colcon.colcon_core.package_identification:_identify(/home/punnu/autoware.ai/src/autoware/common/waypoint_follower/launch) by extension 'python_setup_py'
[0.182s] Level 1:colcon.colcon_core.package_identification:_identify(/home/punnu/autoware.ai/src/autoware/common/waypoint_follower/launch/build) by extensions ['ignore', 'ignore_ament_install']
[0.182s] Level 1:colcon.colcon_core.package_identification:_identify(/home/punnu/autoware.ai/src/autoware/common/waypoint_follower/launch/build) by extension 'ignore'
[0.182s] Level 1:colcon.colcon_core.package_identification:_identify(/home/punnu/autoware.ai/src/autoware/common/waypoint_follower/launch/build) ignored
[0.182s] Level 1:colcon.colcon_core.package_identification:_identify(/home/punnu/autoware.ai/src/autoware/common/waypoint_follower/launch/install) by extensions ['ignore', 'ignore_ament_install']
[0.183s] Level 1:colcon.colcon_core.package_identification:_identify(/home/punnu/autoware.ai/src/autoware/common/waypoint_follower/launch/install) by extension 'ignore'
[0.183s] Level 1:colcon.colcon_core.package_identification:_identify(/home/punnu/autoware.ai/src/autoware/common/waypoint_follower/launch/install) ignored
[0.183s] Level 1:colcon.colcon_core.package_identification:_identify(/home/punnu/autoware.ai/src/autoware/common/waypoint_follower/launch/log) by extensions ['ignore', 'ignore_ament_install']
[0.183s] Level 1:colcon.colcon_core.package_identification:_identify(/home/punnu/autoware.ai/src/autoware/common/waypoint_follower/launch/log) by extension 'ignore'
[0.183s] Level 1:colcon.colcon_core.package_identification:_identify(/home/punnu/autoware.ai/src/autoware/common/waypoint_follower/launch/log) ignored
[0.183s] Level 1:colcon.colcon_core.package_discovery:discover_packages(recursive) using defaults
[0.187s] INFO:colcon.colcon_core.executor:Executing jobs using 'parallel' executor
[0.188s] DEBUG:colcon.colcon_parallel_executor.executor.parallel:run_until_complete
[0.188s] DEBUG:colcon.colcon_parallel_executor.executor.parallel:closing loop
[0.188s] DEBUG:colcon.colcon_parallel_executor.executor.parallel:loop closed
[0.188s] DEBUG:colcon.colcon_parallel_executor.executor.parallel:run_until_complete finished with '0'
[0.188s] DEBUG:colcon.colcon_core.event_reactor:joining thread
[0.193s] INFO:colcon.colcon_core.plugin_system:Skipping extension 'colcon_notification.desktop_notification.win32': Not used on non-Windows systems
[0.193s] INFO:colcon.colcon_core.plugin_system:Skipping extension 'colcon_notification.desktop_notification.terminal_notifier': Not used on non-Darwin systems
[0.194s] INFO:colcon.colcon_notification.desktop_notification:Sending desktop notification using 'notify2'
[0.241s] DEBUG:colcon.colcon_core.event_reactor:joined thread
[0.245s] INFO:colcon.colcon_core.plugin_system:Skipping extension 'colcon_core.shell.bat': Not used on non-Windows systems
[0.245s] INFO:colcon.colcon_core.shell:Creating prefix script '/home/punnu/autoware.ai/src/autoware/common/waypoint_follower/launch/install/local_setup.ps1'
[0.247s] INFO:colcon.colcon_core.shell:Creating prefix chain script '/home/punnu/autoware.ai/src/autoware/common/waypoint_follower/launch/install/setup.ps1'
[0.249s] WARNING:colcon.colcon_core.prefix_path.colcon:The path '/home/punnu/autoware.ai/install' in the environment variable COLCON_PREFIX_PATH doesn't exist
[0.249s] WARNING:colcon.colcon_ros.prefix_path.catkin:The path '/home/punnu/autoware.ai/install/waypoint_planner' in the environment variable CMAKE_PREFIX_PATH doesn't exist
[0.249s] WARNING:colcon.colcon_ros.prefix_path.catkin:The path '/home/punnu/autoware.ai/install/op_ros_helpers' in the environment variable CMAKE_PREFIX_PATH doesn't exist
[0.249s] WARNING:colcon.colcon_ros.prefix_path.catkin:The path '/home/punnu/autoware.ai/install/lane_planner' in the environment variable CMAKE_PREFIX_PATH doesn't exist
[0.250s] WARNING:colcon.colcon_ros.prefix_path.catkin:The path '/home/punnu/autoware.ai/install/waypoint_follower' in the environment variable CMAKE_PREFIX_PATH doesn't exist
[0.250s] WARNING:colcon.colcon_ros.prefix_path.catkin:The path '/home/punnu/autoware.ai/install/vehicle_gazebo_simulation_launcher' in the environment variable CMAKE_PREFIX_PATH doesn't exist
[0.250s] WARNING:colcon.colcon_ros.prefix_path.catkin:The path '/home/punnu/autoware.ai/install/vehicle_description' in the environment variable CMAKE_PREFIX_PATH doesn't exist
[0.250s] WARNING:colcon.colcon_ros.prefix_path.catkin:The path '/home/punnu/autoware.ai/install/op_simu' in the environment variable CMAKE_PREFIX_PATH doesn't exist
[0.250s] WARNING:colcon.colcon_ros.prefix_path.catkin:The path '/home/punnu/autoware.ai/install/op_planner' in the environment variable CMAKE_PREFIX_PATH doesn't exist
[0.250s] WARNING:colcon.colcon_ros.prefix_path.catkin:The path '/home/punnu/autoware.ai/install/op_utility' in the environment variable CMAKE_PREFIX_PATH doesn't exist
[0.250s] WARNING:colcon.colcon_ros.prefix_path.catkin:The path '/home/punnu/autoware.ai/install/vector_map_server' in the environment variable CMAKE_PREFIX_PATH doesn't exist
[0.250s] WARNING:colcon.colcon_ros.prefix_path.catkin:The path '/home/punnu/autoware.ai/install/object_map' in the environment variable CMAKE_PREFIX_PATH doesn't exist
[0.250s] WARNING:colcon.colcon_ros.prefix_path.catkin:The path '/home/punnu/autoware.ai/install/map_file' in the environment variable CMAKE_PREFIX_PATH doesn't exist
[0.250s] WARNING:colcon.colcon_ros.prefix_path.catkin:The path '/home/punnu/autoware.ai/install/libvectormap' in the environment variable CMAKE_PREFIX_PATH doesn't exist
[0.250s] WARNING:colcon.colcon_ros.prefix_path.catkin:The path '/home/punnu/autoware.ai/install/imm_ukf_pda_track' in the environment variable CMAKE_PREFIX_PATH doesn't exist
[0.250s] WARNING:colcon.colcon_ros.prefix_path.catkin:The path '/home/punnu/autoware.ai/install/vector_map' in the environment variable CMAKE_PREFIX_PATH doesn't exist
[0.250s] WARNING:colcon.colcon_ros.prefix_path.catkin:The path '/home/punnu/autoware.ai/install/vector_map_msgs' in the environment variable CMAKE_PREFIX_PATH doesn't exist
[0.250s] WARNING:colcon.colcon_ros.prefix_path.catkin:The path '/home/punnu/autoware.ai/install/runtime_manager' in the environment variable CMAKE_PREFIX_PATH doesn't exist
[0.250s] WARNING:colcon.colcon_ros.prefix_path.catkin:The path '/home/punnu/autoware.ai/install/tablet_socket_msgs' in the environment variable CMAKE_PREFIX_PATH doesn't exist
[0.250s] WARNING:colcon.colcon_ros.prefix_path.catkin:The path '/home/punnu/autoware.ai/install/state_machine_lib' in the environment variable CMAKE_PREFIX_PATH doesn't exist
[0.251s] WARNING:colcon.colcon_ros.prefix_path.catkin:The path '/home/punnu/autoware.ai/install/sound_player' in the environment variable CMAKE_PREFIX_PATH doesn't exist
[0.251s] WARNING:colcon.colcon_ros.prefix_path.catkin:The path '/home/punnu/autoware.ai/install/sick_lms5xx' in the environment variable CMAKE_PREFIX_PATH doesn't exist
[0.251s] WARNING:colcon.colcon_ros.prefix_path.catkin:The path '/home/punnu/autoware.ai/install/sick_ldmrs_tools' in the environment variable CMAKE_PREFIX_PATH doesn't exist
[0.251s] WARNING:colcon.colcon_ros.prefix_path.catkin:The path '/home/punnu/autoware.ai/install/sick_ldmrs_driver' in the environment variable CMAKE_PREFIX_PATH doesn't exist
[0.251s] WARNING:colcon.colcon_ros.prefix_path.catkin:The path '/home/punnu/autoware.ai/install/sick_ldmrs_msgs' in the environment variable CMAKE_PREFIX_PATH doesn't exist
[0.251s] WARNING:colcon.colcon_ros.prefix_path.catkin:The path '/home/punnu/autoware.ai/install/sick_ldmrs_description' in the environment variable CMAKE_PREFIX_PATH doesn't exist
[0.251s] WARNING:colcon.colcon_ros.prefix_path.catkin:The path '/home/punnu/autoware.ai/install/rosinterface' in the environment variable CMAKE_PREFIX_PATH doesn't exist
[0.251s] WARNING:colcon.colcon_ros.prefix_path.catkin:The path '/home/punnu/autoware.ai/install/rosbag_controller' in the environment variable CMAKE_PREFIX_PATH doesn't exist
[0.251s] WARNING:colcon.colcon_ros.prefix_path.catkin:The path '/home/punnu/autoware.ai/install/pcl_omp_registration' in the environment variable CMAKE_PREFIX_PATH doesn't exist
[0.251s] WARNING:colcon.colcon_ros.prefix_path.catkin:The path '/home/punnu/autoware.ai/install/pc2_downsampler' in the environment variable CMAKE_PREFIX_PATH doesn't exist
[0.251s] WARNING:colcon.colcon_ros.prefix_path.catkin:The path '/home/punnu/autoware.ai/install/oculus_socket' in the environment variable CMAKE_PREFIX_PATH doesn't exist
[0.251s] WARNING:colcon.colcon_ros.prefix_path.catkin:The path '/home/punnu/autoware.ai/install/nmea_navsat' in the environment variable CMAKE_PREFIX_PATH doesn't exist
[0.251s] WARNING:colcon.colcon_ros.prefix_path.catkin:The path '/home/punnu/autoware.ai/install/ndt_tku' in the environment variable CMAKE_PREFIX_PATH doesn't exist
[0.251s] WARNING:colcon.colcon_ros.prefix_path.catkin:The path '/home/punnu/autoware.ai/install/ndt_gpu' in the environment variable CMAKE_PREFIX_PATH doesn't exist
[0.251s] WARNING:colcon.colcon_ros.prefix_path.catkin:The path '/home/punnu/autoware.ai/install/ndt_cpu' in the environment variable CMAKE_PREFIX_PATH doesn't exist
[0.251s] WARNING:colcon.colcon_ros.prefix_path.catkin:The path '/home/punnu/autoware.ai/install/microstrain_driver' in the environment variable CMAKE_PREFIX_PATH doesn't exist
[0.251s] WARNING:colcon.colcon_ros.prefix_path.catkin:The path '/home/punnu/autoware.ai/install/memsic_imu' in the environment variable CMAKE_PREFIX_PATH doesn't exist
[0.252s] WARNING:colcon.colcon_ros.prefix_path.catkin:The path '/home/punnu/autoware.ai/install/marker_downsampler' in the environment variable CMAKE_PREFIX_PATH doesn't exist
[0.252s] WARNING:colcon.colcon_ros.prefix_path.catkin:The path '/home/punnu/autoware.ai/install/kitti_player' in the environment variable CMAKE_PREFIX_PATH doesn't exist
[0.252s] WARNING:colcon.colcon_ros.prefix_path.catkin:The path '/home/punnu/autoware.ai/install/kitti_box_publisher' in the environment variable CMAKE_PREFIX_PATH doesn't exist
[0.252s] WARNING:colcon.colcon_ros.prefix_path.catkin:The path '/home/punnu/autoware.ai/install/javad_navsat_driver' in the environment variable CMAKE_PREFIX_PATH doesn't exist
[0.252s] WARNING:colcon.colcon_ros.prefix_path.catkin:The path '/home/punnu/autoware.ai/install/graph_tools' in the environment variable CMAKE_PREFIX_PATH doesn't exist
[0.252s] WARNING:colcon.colcon_ros.prefix_path.catkin:The path '/home/punnu/autoware.ai/install/gnss' in the environment variable CMAKE_PREFIX_PATH doesn't exist
[0.252s] WARNING:colcon.colcon_ros.prefix_path.catkin:The path '/home/punnu/autoware.ai/install/gazebo_world_description' in the environment variable CMAKE_PREFIX_PATH doesn't exist
[0.252s] WARNING:colcon.colcon_ros.prefix_path.catkin:The path '/home/punnu/autoware.ai/install/gazebo_imu_description' in the environment variable CMAKE_PREFIX_PATH doesn't exist
[0.252s] WARNING:colcon.colcon_ros.prefix_path.catkin:The path '/home/punnu/autoware.ai/install/gazebo_camera_description' in the environment variable CMAKE_PREFIX_PATH doesn't exist
[0.252s] WARNING:colcon.colcon_ros.prefix_path.catkin:The path '/home/punnu/autoware.ai/install/fastvirtualscan' in the environment variable CMAKE_PREFIX_PATH doesn't exist
[0.252s] WARNING:colcon.colcon_ros.prefix_path.catkin:The path '/home/punnu/autoware.ai/install/ds4_msgs' in the environment variable CMAKE_PREFIX_PATH doesn't exist
[0.252s] WARNING:colcon.colcon_ros.prefix_path.catkin:The path '/home/punnu/autoware.ai/install/ds4_driver' in the environment variable CMAKE_PREFIX_PATH doesn't exist
[0.252s] WARNING:colcon.colcon_ros.prefix_path.catkin:The path '/home/punnu/autoware.ai/install/custom_msgs' in the environment variable CMAKE_PREFIX_PATH doesn't exist
[0.252s] WARNING:colcon.colcon_ros.prefix_path.catkin:The path '/home/punnu/autoware.ai/install/autoware_health_checker' in the environment variable CMAKE_PREFIX_PATH doesn't exist
[0.252s] WARNING:colcon.colcon_ros.prefix_path.catkin:The path '/home/punnu/autoware.ai/install/autoware_system_msgs' in the environment variable CMAKE_PREFIX_PATH doesn't exist
[0.252s] WARNING:colcon.colcon_ros.prefix_path.catkin:The path '/home/punnu/autoware.ai/install/autoware_quickstart_examples' in the environment variable CMAKE_PREFIX_PATH doesn't exist
[0.253s] WARNING:colcon.colcon_ros.prefix_path.catkin:The path '/home/punnu/autoware.ai/install/astar_search' in the environment variable CMAKE_PREFIX_PATH doesn't exist
[0.253s] WARNING:colcon.colcon_ros.prefix_path.catkin:The path '/home/punnu/autoware.ai/install/amathutils_lib' in the environment variable CMAKE_PREFIX_PATH doesn't exist
[0.253s] WARNING:colcon.colcon_ros.prefix_path.catkin:The path '/home/punnu/autoware.ai/install/autoware_msgs' in the environment variable CMAKE_PREFIX_PATH doesn't exist
[0.253s] WARNING:colcon.colcon_ros.prefix_path.catkin:The path '/home/punnu/autoware.ai/install/autoware_map_msgs' in the environment variable CMAKE_PREFIX_PATH doesn't exist
[0.253s] WARNING:colcon.colcon_ros.prefix_path.catkin:The path '/home/punnu/autoware.ai/install/autoware_launcher' in the environment variable CMAKE_PREFIX_PATH doesn't exist
[0.253s] WARNING:colcon.colcon_ros.prefix_path.catkin:The path '/home/punnu/autoware.ai/install/autoware_external_msgs' in the environment variable CMAKE_PREFIX_PATH doesn't exist
[0.253s] WARNING:colcon.colcon_ros.prefix_path.catkin:The path '/home/punnu/autoware.ai/install/autoware_config_msgs' in the environment variable CMAKE_PREFIX_PATH doesn't exist
[0.253s] WARNING:colcon.colcon_ros.prefix_path.catkin:The path '/home/punnu/autoware.ai/install/autoware_can_msgs' in the environment variable CMAKE_PREFIX_PATH doesn't exist
[0.253s] WARNING:colcon.colcon_ros.prefix_path.catkin:The path '/home/punnu/autoware.ai/install/autoware_build_flags' in the environment variable CMAKE_PREFIX_PATH doesn't exist
[0.253s] WARNING:colcon.colcon_ros.prefix_path.catkin:The path '/home/punnu/autoware.ai/install/autoware_bag_tools' in the environment variable CMAKE_PREFIX_PATH doesn't exist
[0.253s] WARNING:colcon.colcon_ros.prefix_path.catkin:The path '/home/punnu/autoware.ai/install/adi_driver' in the environment variable CMAKE_PREFIX_PATH doesn't exist
[0.254s] INFO:colcon.colcon_core.shell:Creating prefix script '/home/punnu/autoware.ai/src/autoware/common/waypoint_follower/launch/install/local_setup.sh'
[0.255s] INFO:colcon.colcon_core.shell:Creating prefix chain script '/home/punnu/autoware.ai/src/autoware/common/waypoint_follower/launch/install/setup.sh'
[0.257s] INFO:colcon.colcon_core.shell:Creating prefix script '/home/punnu/autoware.ai/src/autoware/common/waypoint_follower/launch/install/local_setup.bash'
[0.258s] INFO:colcon.colcon_core.shell:Creating prefix chain script '/home/punnu/autoware.ai/src/autoware/common/waypoint_follower/launch/install/setup.bash'
[0.261s] INFO:colcon.colcon_core.shell:Creating prefix script '/home/punnu/autoware.ai/src/autoware/common/waypoint_follower/launch/install/local_setup.zsh'
[0.262s] INFO:colcon.colcon_core.shell:Creating prefix chain script '/home/punnu/autoware.ai/src/autoware/common/waypoint_follower/launch/install/setup.zsh'
